{
  "RSpec": {
    "coverage": {
      "/home/hp/dev/Swiggy/spec/models/cart_item_spec.rb": {
        "lines": [
          null,
          null,
          null,
          null,
          null,
          null,
          null,
          null,
          null,
          null,
          null,
          null,
          null,
          null,
          null,
          null,
          null,
          null,
          null,
          null,
          null,
          null,
          1,
          null,
          1,
          6,
          null,
          1,
          2,
          2,
          null,
          null,
          1,
          1,
          1,
          null,
          null,
          1,
          1,
          1,
          null,
          null,
          1,
          1,
          1,
          null,
          null,
          1,
          1,
          1,
          null,
          null,
          1,
          1,
          1,
          null,
          null,
          null
        ]
      },
      "/home/hp/dev/Swiggy/spec/rails_helper.rb": {
        "lines": [
          null,
          1,
          1,
          null,
          1,
          1,
          1,
          null,
          null,
          null,
          null,
          null,
          null,
          null,
          null,
          null,
          null,
          null,
          null,
          null,
          null,
          null,
          3,
          null,
          null,
          null,
          1,
          null,
          1,
          null,
          1,
          null,
          null,
          null,
          null,
          1,
          null,
          null,
          null,
          null,
          null,
          null,
          null,
          null,
          null,
          null,
          null,
          null,
          null,
          null,
          1,
          null,
          null,
          1,
          null,
          null,
          null,
          null,
          null,
          1,
          1,
          1,
          1,
          null,
          null
        ]
      },
      "/home/hp/dev/Swiggy/config/environment.rb": {
        "lines": [
          null,
          1,
          null,
          null,
          1,
          1,
          null,
          null,
          1
        ]
      },
      "/home/hp/dev/Swiggy/config/application.rb": {
        "lines": [
          1,
          null,
          1,
          null,
          null,
          null,
          1,
          null,
          1,
          1,
          null,
          1,
          null,
          null,
          null,
          null,
          null,
          null,
          null,
          null,
          null,
          null,
          null,
          null,
          1,
          null,
          1,
          1,
          1,
          1,
          1,
          null,
          null
        ]
      },
      "/home/hp/dev/Swiggy/config/boot.rb": {
        "lines": [
          1,
          null,
          1,
          1
        ]
      },
      "/home/hp/dev/Swiggy/config/environments/test.rb": {
        "lines": [
          1,
          null,
          null,
          null,
          null,
          null,
          null,
          1,
          null,
          null,
          null,
          1,
          null,
          null,
          null,
          null,
          1,
          null,
          null,
          1,
          1,
          null,
          null,
          null,
          null,
          1,
          1,
          1,
          null,
          null,
          1,
          null,
          null,
          1,
          null,
          null,
          1,
          null,
          1,
          null,
          null,
          null,
          null,
          1,
          null,
          null,
          1,
          null,
          null,
          1,
          null,
          null,
          1,
          null,
          null,
          null,
          null,
          null,
          null,
          null
        ]
      },
      "/home/hp/dev/Swiggy/config/initializers/active_admin.rb": {
        "lines": [
          1,
          null,
          null,
          null,
          null,
          null,
          1,
          null,
          null,
          null,
          null,
          null,
          null,
          null,
          null,
          null,
          null,
          null,
          null,
          null,
          null,
          null,
          null,
          null,
          null,
          null,
          null,
          null,
          null,
          null,
          null,
          null,
          null,
          null,
          null,
          null,
          null,
          null,
          null,
          null,
          null,
          null,
          null,
          null,
          null,
          null,
          null,
          null,
          null,
          null,
          null,
          null,
          null,
          null,
          null,
          null,
          null,
          null,
          null,
          null,
          null,
          null,
          null,
          null,
          null,
          null,
          null,
          null,
          null,
          null,
          null,
          null,
          null,
          1,
          null,
          null,
          null,
          null,
          null,
          null,
          null,
          null,
          null,
          null,
          null,
          null,
          null,
          null,
          null,
          null,
          null,
          null,
          null,
          null,
          null,
          null,
          null,
          null,
          null,
          null,
          null,
          null,
          null,
          null,
          null,
          null,
          null,
          null,
          null,
          null,
          1,
          null,
          null,
          null,
          null,
          null,
          null,
          null,
          null,
          null,
          null,
          null,
          1,
          null,
          null,
          null,
          null,
          null,
          null,
          null,
          null,
          null,
          null,
          null,
          null,
          null,
          null,
          null,
          null,
          null,
          null,
          null,
          null,
          1,
          null,
          null,
          null,
          null,
          null,
          null,
          null,
          null,
          null,
          null,
          null,
          null,
          null,
          null,
          null,
          null,
          null,
          null,
          1,
          null,
          null,
          null,
          null,
          null,
          null,
          null,
          null,
          null,
          null,
          null,
          null,
          null,
          1,
          null,
          null,
          null,
          null,
          null,
          null,
          null,
          null,
          null,
          null,
          1,
          null,
          null,
          null,
          null,
          null,
          null,
          null,
          null,
          null,
          null,
          null,
          null,
          null,
          null,
          null,
          null,
          null,
          null,
          null,
          null,
          null,
          null,
          null,
          null,
          null,
          null,
          null,
          null,
          null,
          null,
          null,
          null,
          null,
          null,
          null,
          null,
          null,
          null,
          null,
          null,
          null,
          null,
          null,
          null,
          null,
          null,
          null,
          null,
          null,
          null,
          null,
          null,
          null,
          null,
          null,
          null,
          null,
          null,
          null,
          null,
          null,
          null,
          null,
          null,
          null,
          null,
          null,
          null,
          null,
          null,
          null,
          null,
          null,
          null,
          null,
          null,
          null,
          null,
          null,
          null,
          null,
          null,
          null,
          null,
          null,
          null,
          null,
          null,
          null,
          null,
          null,
          null,
          null,
          null,
          null,
          null,
          null,
          null,
          null,
          null,
          null,
          null,
          null,
          null,
          null,
          null,
          null,
          null,
          null,
          null,
          null,
          null,
          null,
          null,
          null,
          null,
          null,
          null,
          null,
          null,
          null,
          null,
          null,
          null,
          null,
          null,
          null,
          null,
          null,
          null,
          null,
          null,
          null,
          null,
          null,
          null,
          null,
          null,
          null,
          null,
          null,
          null,
          null,
          null,
          null,
          null,
          null,
          null,
          null,
          null,
          null,
          null,
          null,
          null,
          null,
          null,
          null,
          null,
          null,
          null,
          null,
          null,
          null,
          null
        ]
      },
      "/home/hp/dev/Swiggy/config/initializers/cors.rb": {
        "lines": [
          null,
          null,
          null,
          null,
          null,
          null,
          null,
          null,
          null,
          null,
          null,
          null,
          null,
          null,
          null,
          null
        ]
      },
      "/home/hp/dev/Swiggy/config/initializers/devise.rb": {
        "lines": [
          null,
          null,
          null,
          null,
          null,
          null,
          null,
          null,
          null,
          null,
          1,
          null,
          null,
          null,
          null,
          null,
          null,
          null,
          null,
          null,
          null,
          null,
          null,
          null,
          null,
          null,
          1,
          null,
          null,
          null,
          null,
          null,
          null,
          null,
          null,
          null,
          null,
          null,
          1,
          null,
          null,
          null,
          null,
          null,
          null,
          null,
          null,
          null,
          null,
          null,
          null,
          null,
          null,
          null,
          null,
          null,
          null,
          null,
          null,
          null,
          1,
          null,
          null,
          null,
          null,
          1,
          null,
          null,
          null,
          null,
          null,
          null,
          null,
          null,
          null,
          null,
          null,
          null,
          null,
          null,
          null,
          null,
          null,
          null,
          null,
          null,
          null,
          null,
          null,
          null,
          null,
          null,
          null,
          null,
          null,
          null,
          null,
          null,
          null,
          1,
          null,
          null,
          null,
          null,
          null,
          null,
          null,
          null,
          null,
          null,
          null,
          null,
          null,
          null,
          null,
          null,
          null,
          null,
          null,
          null,
          null,
          null,
          null,
          null,
          null,
          1,
          null,
          null,
          null,
          null,
          null,
          null,
          null,
          null,
          null,
          null,
          null,
          null,
          null,
          null,
          null,
          null,
          null,
          null,
          null,
          null,
          null,
          null,
          null,
          null,
          null,
          null,
          null,
          null,
          null,
          null,
          null,
          null,
          null,
          1,
          null,
          null,
          null,
          null,
          null,
          null,
          null,
          null,
          null,
          1,
          null,
          null,
          null,
          null,
          null,
          null,
          null,
          null,
          null,
          null,
          1,
          null,
          null,
          null,
          null,
          1,
          null,
          null,
          null,
          null,
          null,
          null,
          null,
          null,
          null,
          null,
          null,
          null,
          null,
          null,
          null,
          null,
          null,
          null,
          null,
          null,
          null,
          null,
          null,
          null,
          null,
          null,
          null,
          null,
          null,
          null,
          null,
          null,
          null,
          null,
          null,
          null,
          null,
          null,
          null,
          null,
          1,
          null,
          null,
          null,
          null,
          null,
          null,
          null,
          null,
          null,
          null,
          null,
          null,
          null,
          null,
          null,
          null,
          null,
          null,
          null,
          null,
          null,
          null,
          null,
          null,
          null,
          null,
          null,
          null,
          null,
          null,
          null,
          null,
          null,
          null,
          null,
          null,
          null,
          null,
          null,
          null,
          null,
          1,
          null,
          null,
          null,
          null,
          null,
          null,
          null,
          null,
          null,
          null,
          null,
          null,
          null,
          null,
          null,
          null,
          null,
          null,
          null,
          null,
          null,
          null,
          null,
          null,
          null,
          null,
          null,
          null,
          null,
          null,
          null,
          null,
          null,
          null,
          null,
          1,
          1,
          null,
          null,
          null,
          null,
          null,
          null,
          null
        ]
      },
      "/home/hp/dev/Swiggy/config/initializers/filter_parameter_logging.rb": {
        "lines": [
          null,
          null,
          null,
          null,
          null,
          1,
          null,
          null
        ]
      },
      "/home/hp/dev/Swiggy/config/initializers/inflections.rb": {
        "lines": [
          null,
          null,
          null,
          null,
          null,
          null,
          null,
          null,
          null,
          null,
          null,
          null,
          null,
          null,
          null,
          null
        ]
      },
      "/home/hp/dev/Swiggy/spec/factories/cart_items.rb": {
        "lines": [
          null,
          null,
          null,
          null,
          null,
          null,
          null,
          null,
          null,
          null,
          null,
          null,
          null,
          null,
          null,
          null,
          null,
          null,
          null,
          null,
          null,
          null,
          1,
          1,
          6,
          6,
          6,
          6,
          null,
          null
        ]
      },
      "/home/hp/dev/Swiggy/spec/factories/carts.rb": {
        "lines": [
          null,
          null,
          null,
          null,
          null,
          null,
          null,
          null,
          null,
          null,
          null,
          null,
          null,
          null,
          null,
          null,
          null,
          1,
          1,
          8,
          null,
          null
        ]
      },
      "/home/hp/dev/Swiggy/spec/factories/categories.rb": {
        "lines": [
          null,
          null,
          null,
          null,
          null,
          null,
          null,
          null,
          null,
          1,
          1,
          19,
          null,
          null
        ]
      },
      "/home/hp/dev/Swiggy/spec/factories/dishes.rb": {
        "lines": [
          null,
          null,
          null,
          null,
          null,
          null,
          null,
          null,
          null,
          null,
          null,
          null,
          null,
          null,
          null,
          null,
          null,
          null,
          1,
          1,
          17,
          17,
          null,
          null
        ]
      },
      "/home/hp/dev/Swiggy/spec/factories/order_items.rb": {
        "lines": [
          null,
          null,
          null,
          null,
          null,
          null,
          null,
          null,
          null,
          null,
          null,
          null,
          null,
          null,
          null,
          null,
          null,
          null,
          null,
          null,
          null,
          null,
          1,
          1,
          6,
          6,
          6,
          6,
          null,
          null
        ]
      },
      "/home/hp/dev/Swiggy/spec/factories/orders.rb": {
        "lines": [
          null,
          null,
          null,
          null,
          null,
          null,
          null,
          null,
          null,
          null,
          null,
          null,
          null,
          null,
          null,
          null,
          null,
          1,
          1,
          8,
          null,
          null
        ]
      },
      "/home/hp/dev/Swiggy/spec/factories/restaurant_dishes.rb": {
        "lines": [
          null,
          null,
          null,
          null,
          null,
          null,
          null,
          null,
          null,
          null,
          null,
          null,
          null,
          null,
          null,
          null,
          null,
          null,
          null,
          null,
          null,
          1,
          1,
          14,
          14,
          15,
          null,
          null
        ]
      },
      "/home/hp/dev/Swiggy/spec/factories/restaurants.rb": {
        "lines": [
          null,
          null,
          null,
          null,
          null,
          null,
          null,
          null,
          null,
          null,
          null,
          null,
          null,
          null,
          null,
          null,
          null,
          null,
          null,
          null,
          1,
          1,
          30,
          30,
          30,
          22,
          null,
          null
        ]
      },
      "/home/hp/dev/Swiggy/app/models/restaurant.rb": {
        "lines": [
          null,
          null,
          null,
          null,
          null,
          null,
          null,
          null,
          null,
          null,
          null,
          null,
          null,
          null,
          null,
          null,
          null,
          null,
          null,
          null,
          1,
          1,
          1,
          1,
          1,
          null,
          1,
          1,
          1,
          null,
          1,
          null,
          null,
          null,
          null,
          1,
          null,
          3,
          1,
          null,
          1,
          34,
          34,
          null,
          null
        ]
      },
      "/home/hp/dev/Swiggy/app/models/application_record.rb": {
        "lines": [
          1,
          1,
          null,
          1,
          0,
          null,
          null,
          1,
          0,
          null,
          null
        ]
      },
      "/home/hp/dev/Swiggy/spec/factories/users.rb": {
        "lines": [
          null,
          null,
          null,
          null,
          null,
          null,
          null,
          null,
          null,
          null,
          null,
          null,
          null,
          null,
          null,
          1,
          1,
          81,
          81,
          81,
          5,
          81,
          81,
          81,
          81,
          null,
          null
        ]
      },
      "/home/hp/dev/Swiggy/config/routes.rb": {
        "lines": [
          1,
          1,
          1,
          null,
          null,
          null,
          1,
          1,
          1,
          1,
          null,
          null,
          null,
          null,
          null,
          1,
          1,
          1,
          null,
          null,
          1,
          null,
          1,
          1,
          null,
          null,
          1,
          1,
          null,
          null,
          1,
          1,
          null,
          null,
          1,
          1,
          1,
          null,
          null,
          1,
          null,
          null,
          null
        ]
      },
      "/home/hp/dev/Swiggy/app/controllers/application_controller.rb": {
        "lines": [
          1,
          null
        ]
      },
      "/home/hp/dev/Swiggy/app/models/admin_user.rb": {
        "lines": [
          null,
          null,
          null,
          null,
          null,
          null,
          null,
          null,
          null,
          null,
          null,
          null,
          null,
          null,
          null,
          null,
          null,
          null,
          1,
          null,
          null,
          1,
          null,
          null
        ]
      },
      "/home/hp/dev/Swiggy/app/admin/admin_users.rb": {
        "lines": [
          1,
          1,
          1,
          null,
          1,
          0,
          0,
          0,
          0,
          0,
          null,
          null,
          1,
          1,
          1,
          1,
          null,
          1,
          0,
          0,
          0,
          0,
          null,
          0,
          null,
          null,
          null
        ]
      },
      "/home/hp/dev/Swiggy/app/admin/cart_items.rb": {
        "lines": [
          1,
          null,
          1,
          null,
          1,
          0,
          0,
          0,
          null,
          null
        ]
      },
      "/home/hp/dev/Swiggy/app/models/cart_item.rb": {
        "lines": [
          null,
          null,
          null,
          null,
          null,
          null,
          null,
          null,
          null,
          null,
          null,
          null,
          null,
          null,
          null,
          null,
          null,
          null,
          null,
          null,
          null,
          null,
          1,
          1,
          1,
          null,
          null,
          null,
          1,
          1,
          null,
          1,
          null,
          1,
          5,
          null,
          null,
          5,
          null,
          null
        ]
      },
      "/home/hp/dev/Swiggy/app/admin/carts.rb": {
        "lines": [
          1,
          null,
          1,
          0,
          null,
          null,
          1,
          0,
          null,
          null
        ]
      },
      "/home/hp/dev/Swiggy/app/models/cart.rb": {
        "lines": [
          null,
          null,
          null,
          null,
          null,
          null,
          null,
          null,
          null,
          null,
          null,
          null,
          null,
          null,
          null,
          null,
          null,
          1,
          1,
          1,
          null,
          1,
          1,
          null,
          null
        ]
      },
      "/home/hp/dev/Swiggy/app/admin/categories.rb": {
        "lines": [
          1,
          null,
          1,
          null,
          1,
          null,
          1,
          0,
          null,
          null,
          1,
          0,
          null,
          null
        ]
      },
      "/home/hp/dev/Swiggy/app/models/category.rb": {
        "lines": [
          null,
          null,
          null,
          null,
          null,
          null,
          null,
          null,
          null,
          1,
          1,
          1,
          null
        ]
      },
      "/home/hp/dev/Swiggy/app/admin/dashboard.rb": {
        "lines": [
          null,
          1,
          1,
          null,
          1,
          0,
          0,
          0,
          0,
          null,
          null,
          null,
          null,
          null,
          null,
          null,
          null,
          null,
          null,
          null,
          null,
          null,
          null,
          null,
          null,
          null,
          null,
          null,
          null,
          null,
          null,
          null,
          null
        ]
      },
      "/home/hp/dev/Swiggy/app/admin/dishes.rb": {
        "lines": [
          1,
          1,
          null,
          1,
          null,
          1,
          null,
          1,
          0,
          null,
          null,
          1,
          0,
          null,
          null,
          1,
          0,
          null,
          null,
          1,
          null,
          null
        ]
      },
      "/home/hp/dev/Swiggy/app/models/dish.rb": {
        "lines": [
          null,
          null,
          null,
          null,
          null,
          null,
          null,
          null,
          null,
          null,
          null,
          null,
          null,
          null,
          null,
          null,
          null,
          null,
          1,
          1,
          1,
          1,
          1,
          1,
          null,
          1,
          null,
          1,
          null,
          3,
          2,
          1,
          null,
          1,
          19,
          null,
          null
        ]
      },
      "/home/hp/dev/Swiggy/app/admin/restaurant_dishes.rb": {
        "lines": [
          1,
          1,
          1,
          null,
          1,
          null,
          1,
          null,
          1,
          0,
          0,
          0,
          0,
          0,
          0,
          null,
          0,
          null,
          null,
          1,
          0,
          null,
          null,
          1,
          0,
          null,
          null
        ]
      },
      "/home/hp/dev/Swiggy/app/models/restaurant_dish.rb": {
        "lines": [
          null,
          null,
          null,
          null,
          null,
          null,
          null,
          null,
          null,
          null,
          null,
          null,
          null,
          null,
          null,
          null,
          null,
          null,
          null,
          null,
          null,
          1,
          1,
          1,
          1,
          1,
          1,
          null,
          1,
          1,
          null,
          1,
          1,
          null,
          null
        ]
      },
      "/home/hp/dev/Swiggy/app/admin/restaurants.rb": {
        "lines": [
          1,
          1,
          null,
          1,
          null,
          1,
          1,
          null,
          1,
          0,
          null,
          null,
          1,
          0,
          null,
          null
        ]
      },
      "/home/hp/dev/Swiggy/app/admin/users.rb": {
        "lines": [
          1,
          null,
          1,
          null,
          1,
          null,
          1,
          1,
          1,
          1,
          null,
          1,
          0,
          0,
          0,
          0,
          0,
          0,
          0,
          0,
          null,
          0,
          null,
          null,
          1,
          0,
          null,
          null,
          1,
          0,
          null,
          null,
          1,
          0,
          null,
          null,
          1,
          null,
          null,
          null
        ]
      },
      "/home/hp/dev/Swiggy/app/models/user.rb": {
        "lines": [
          null,
          null,
          null,
          null,
          null,
          null,
          null,
          null,
          null,
          null,
          null,
          null,
          null,
          null,
          null,
          1,
          1,
          null,
          1,
          null,
          1,
          1,
          null,
          101,
          1,
          null,
          1,
          null,
          1,
          null,
          1,
          100,
          null,
          100,
          100,
          null,
          null,
          null,
          1,
          1,
          null,
          null,
          1,
          2,
          null,
          null,
          1,
          2,
          null,
          null,
          1,
          null,
          1,
          1,
          null,
          null
        ]
      },
      "/home/hp/dev/Swiggy/spec/support/factory_bot.rb": {
        "lines": [
          1,
          1,
          null,
          1,
          null
        ]
      },
      "/home/hp/dev/Swiggy/spec/support/token_helper.rb": {
        "lines": [
          1,
          1,
          25,
          null,
          null
        ]
      },
      "/home/hp/dev/Swiggy/spec/models/cart_spec.rb": {
        "lines": [
          null,
          null,
          null,
          null,
          null,
          null,
          null,
          null,
          null,
          null,
          null,
          null,
          null,
          null,
          null,
          null,
          null,
          1,
          null,
          1,
          3,
          null,
          1,
          2,
          null,
          null,
          1,
          1,
          1,
          null,
          null,
          null,
          1,
          1,
          1,
          null,
          null,
          null
        ]
      },
      "/home/hp/dev/Swiggy/spec/models/category_spec.rb": {
        "lines": [
          null,
          null,
          null,
          null,
          null,
          null,
          null,
          null,
          null,
          1,
          null,
          1,
          3,
          null,
          1,
          1,
          null,
          null,
          1,
          1,
          1,
          null,
          null,
          1,
          null,
          null
        ]
      },
      "/home/hp/dev/Swiggy/spec/models/customer_spec.rb": {
        "lines": [
          null,
          null,
          null,
          null,
          null,
          null,
          null,
          null,
          null,
          null,
          null,
          null,
          null,
          null,
          null,
          1,
          null,
          1,
          null,
          1,
          7,
          null,
          1,
          7,
          null,
          null,
          1,
          null,
          null
        ]
      },
      "/home/hp/dev/Swiggy/spec/models/shared/user_shared_example.rb": {
        "lines": [
          1,
          2,
          2,
          null,
          null,
          2,
          2,
          2,
          null,
          null,
          2,
          2,
          2,
          null,
          null,
          2,
          2,
          2,
          null,
          2,
          2,
          2,
          null,
          2,
          2,
          2,
          2,
          null,
          null
        ]
      },
      "/home/hp/dev/Swiggy/app/models/customer.rb": {
        "lines": [
          null,
          null,
          null,
          null,
          null,
          null,
          null,
          null,
          null,
          null,
          null,
          null,
          null,
          null,
          null,
          1,
          1,
          1,
          null
        ]
      },
      "/home/hp/dev/Swiggy/spec/models/dish_spec.rb": {
        "lines": [
          null,
          null,
          null,
          null,
          null,
          null,
          null,
          null,
          null,
          null,
          null,
          null,
          null,
          null,
          null,
          null,
          null,
          null,
          1,
          null,
          1,
          3,
          null,
          1,
          2,
          null,
          null,
          1,
          1,
          1,
          null,
          null,
          1,
          1,
          1,
          null,
          null,
          null,
          1,
          null,
          null
        ]
      },
      "/home/hp/dev/Swiggy/spec/models/order_item_spec.rb": {
        "lines": [
          null,
          null,
          null,
          null,
          null,
          null,
          null,
          null,
          null,
          null,
          null,
          null,
          null,
          null,
          null,
          null,
          null,
          null,
          null,
          null,
          null,
          null,
          1,
          null,
          1,
          6,
          null,
          1,
          2,
          2,
          null,
          null,
          1,
          1,
          1,
          null,
          null,
          1,
          1,
          1,
          null,
          null,
          1,
          1,
          1,
          null,
          null,
          1,
          1,
          1,
          null,
          null,
          1,
          1,
          1,
          null,
          null,
          null
        ]
      },
      "/home/hp/dev/Swiggy/app/models/order_item.rb": {
        "lines": [
          null,
          null,
          null,
          null,
          null,
          null,
          null,
          null,
          null,
          null,
          null,
          null,
          null,
          null,
          null,
          null,
          null,
          null,
          null,
          null,
          null,
          null,
          1,
          1,
          1,
          null,
          1,
          1,
          null
        ]
      },
      "/home/hp/dev/Swiggy/spec/models/order_spec.rb": {
        "lines": [
          null,
          null,
          null,
          null,
          null,
          null,
          null,
          null,
          null,
          null,
          null,
          null,
          null,
          null,
          null,
          null,
          null,
          1,
          null,
          1,
          3,
          null,
          1,
          2,
          null,
          null,
          1,
          1,
          1,
          null,
          null,
          null,
          1,
          1,
          1,
          null,
          null,
          null
        ]
      },
      "/home/hp/dev/Swiggy/app/models/order.rb": {
        "lines": [
          null,
          null,
          null,
          null,
          null,
          null,
          null,
          null,
          null,
          null,
          null,
          null,
          null,
          null,
          null,
          null,
          null,
          1,
          1,
          1,
          null,
          1,
          1,
          null,
          null
        ]
      },
      "/home/hp/dev/Swiggy/spec/models/owner_spec.rb": {
        "lines": [
          null,
          null,
          null,
          null,
          null,
          null,
          null,
          null,
          null,
          null,
          null,
          null,
          null,
          null,
          null,
          1,
          null,
          1,
          null,
          1,
          7,
          null,
          1,
          7,
          null,
          null,
          1,
          null,
          null
        ]
      },
      "/home/hp/dev/Swiggy/app/models/owner.rb": {
        "lines": [
          null,
          null,
          null,
          null,
          null,
          null,
          null,
          null,
          null,
          null,
          null,
          null,
          null,
          null,
          null,
          1,
          1,
          null
        ]
      },
      "/home/hp/dev/Swiggy/spec/models/restaurant_dish_spec.rb": {
        "lines": [
          null,
          null,
          null,
          null,
          null,
          null,
          null,
          null,
          null,
          null,
          null,
          null,
          null,
          null,
          null,
          null,
          null,
          null,
          null,
          null,
          null,
          1,
          null,
          1,
          4,
          null,
          1,
          2,
          2,
          null,
          null,
          1,
          1,
          1,
          null,
          null,
          1,
          1,
          1,
          null,
          null,
          1,
          1,
          1,
          null,
          null,
          null,
          1,
          null,
          null
        ]
      },
      "/home/hp/dev/Swiggy/spec/models/restaurant_spec.rb": {
        "lines": [
          null,
          null,
          null,
          null,
          null,
          null,
          null,
          null,
          null,
          null,
          null,
          null,
          null,
          null,
          null,
          null,
          null,
          null,
          null,
          null,
          1,
          null,
          1,
          5,
          null,
          1,
          2,
          null,
          null,
          1,
          1,
          1,
          null,
          null,
          1,
          1,
          1,
          null,
          null,
          1,
          1,
          1,
          null,
          null,
          1,
          1,
          1,
          null,
          null,
          null,
          1,
          null,
          null
        ]
      },
      "/home/hp/dev/Swiggy/spec/requests/customer_spec.rb": {
        "lines": [
          1,
          1,
          null,
          1,
          null,
          1,
          1,
          null,
          null,
          1,
          null,
          5,
          5,
          null,
          1,
          3,
          9,
          null,
          null,
          null
        ]
      },
      "/home/hp/dev/Swiggy/spec/requests/shared/user_shared_request.rb": {
        "lines": [
          1,
          2,
          6,
          6,
          null,
          2,
          2,
          2,
          2,
          2,
          2,
          null,
          null,
          2,
          2,
          2,
          2,
          null,
          null,
          null,
          2,
          2,
          2,
          2,
          null,
          2,
          2,
          2,
          null,
          2,
          2,
          2,
          2,
          null,
          null,
          null,
          2,
          2,
          2,
          2,
          null,
          2,
          2,
          2,
          2,
          null,
          null,
          null,
          2,
          2,
          2,
          2,
          null,
          null,
          null
        ]
      },
      "/home/hp/dev/Swiggy/spec/requests/owner_spec.rb": {
        "lines": [
          1,
          1,
          null,
          1,
          null,
          1,
          1,
          null,
          null,
          1,
          7,
          7,
          9,
          null,
          1,
          3,
          null,
          null,
          1,
          1,
          1,
          1,
          null,
          null,
          null,
          1,
          1,
          1,
          1,
          null,
          null,
          null
        ]
      },
      "/home/hp/dev/Swiggy/spec/requests/restaurant_spec.rb": {
        "lines": [
          1,
          null,
          1,
          null,
          1,
          1,
          null,
          null,
          1,
          null,
          15,
          15,
          2,
          2,
          9,
          2,
          null,
          1,
          1,
          1,
          1,
          null,
          1,
          1,
          1,
          null,
          1,
          1,
          1,
          null,
          null,
          null,
          1,
          5,
          1,
          1,
          1,
          null,
          1,
          1,
          1,
          1,
          null,
          1,
          1,
          1,
          1,
          1,
          null,
          null,
          1,
          1,
          1,
          null,
          null,
          null,
          1,
          1,
          1,
          1,
          null,
          1,
          1,
          1,
          null,
          null,
          null,
          1,
          1,
          1,
          1,
          null,
          1,
          1,
          1,
          null,
          1,
          1,
          1,
          null,
          null,
          null,
          1,
          1,
          1,
          1,
          null,
          1,
          1,
          1,
          null,
          null,
          null,
          1,
          null,
          1,
          null,
          1,
          1,
          1,
          null,
          null,
          null
        ]
      },
      "/home/hp/dev/Swiggy/spec/requests/user_spec.rb": {
        "lines": [
          1,
          null,
          1,
          5,
          null,
          1,
          1,
          1,
          null,
          null,
          null,
          1,
          null,
          1,
          1,
          null,
          null,
          null,
          1,
          null,
          null,
          null,
          1,
          1,
          1,
          1,
          null,
          null,
          null,
          1,
          1,
          1,
          1,
          null,
          1,
          1,
          1,
          null,
          1,
          1,
          1,
          null,
          null,
          null,
          1,
          1,
          1,
          1,
          null,
          1,
          1,
          1,
          null,
          1,
          1,
          1,
          null,
          1,
          1,
          1,
          null,
          null,
          null
        ]
      },
      "/home/hp/dev/Swiggy/app/controllers/concerns/strip_and_squeeze.rb": {
        "lines": [
          1,
          1,
          1,
          124,
          null,
          null
        ]
      },
      "/home/hp/dev/Swiggy/app/controllers/customers_controller.rb": {
        "lines": [
          1,
          1,
          2,
          2,
          1,
          null,
          1,
          null,
          null,
          1,
          null,
          null
        ]
      },
      "/home/hp/dev/Swiggy/app/controllers/users_controller.rb": {
        "lines": [
          1,
          1,
          1,
          null,
          null,
          1,
          null,
          1,
          2,
          null,
          null,
          1,
          2,
          null,
          null,
          1,
          4,
          2,
          null,
          2,
          null,
          null,
          null,
          null,
          1,
          2,
          2,
          null,
          0,
          null,
          null,
          1,
          null,
          1,
          8,
          null,
          null
        ]
      },
      "/home/hp/dev/Swiggy/app/controllers/api_controller.rb": {
        "lines": [
          1,
          1,
          1,
          null,
          null,
          1,
          1,
          null,
          1,
          29,
          29,
          null,
          0,
          0,
          29,
          null,
          null,
          29,
          27,
          4,
          2,
          null,
          2,
          null,
          null,
          null,
          null,
          null,
          null,
          null,
          null,
          null,
          1,
          null
        ]
      },
      "/home/hp/dev/Swiggy/app/controllers/concerns/password_manager.rb": {
        "lines": [
          1,
          1,
          null,
          1,
          3,
          null,
          2,
          2,
          1,
          1,
          1,
          null,
          1,
          null,
          null,
          null,
          1,
          4,
          null,
          4,
          null,
          3,
          3,
          2,
          1,
          null,
          1,
          null,
          null,
          1,
          null,
          null,
          null
        ]
      },
      "/home/hp/dev/Swiggy/app/controllers/concerns/authentication_manager.rb": {
        "lines": [
          1,
          1,
          null,
          1,
          2,
          2,
          1,
          1,
          1,
          null,
          1,
          null,
          null,
          null,
          1,
          1,
          1,
          null,
          null
        ]
      },
      "/home/hp/dev/Swiggy/app/models/ability.rb": {
        "lines": [
          1,
          1,
          null,
          1,
          39,
          null,
          39,
          null,
          null,
          39,
          20,
          20,
          20,
          19,
          5,
          5,
          5,
          5,
          null,
          null,
          39,
          null,
          25,
          25,
          25,
          25,
          null,
          null
        ]
      },
      "/home/hp/dev/Swiggy/app/serializers/user_serializer.rb": {
        "lines": [
          null,
          null,
          null,
          null,
          null,
          null,
          null,
          null,
          null,
          null,
          null,
          null,
          null,
          null,
          null,
          1,
          1,
          1,
          6,
          null,
          2,
          null,
          null
        ]
      },
      "/home/hp/dev/Swiggy/app/mailers/user_mailer.rb": {
        "lines": [
          1,
          1,
          2,
          2,
          null,
          2,
          null,
          null,
          1,
          1,
          1,
          null,
          1,
          null,
          null
        ]
      },
      "/home/hp/dev/Swiggy/app/mailers/application_mailer.rb": {
        "lines": [
          1,
          1,
          1,
          null
        ]
      },
      "/home/hp/dev/Swiggy/app/lib/json_web_token.rb": {
        "lines": [
          1,
          1,
          null,
          1,
          28,
          28,
          null,
          null,
          1,
          29,
          27,
          null,
          null
        ]
      },
      "/home/hp/dev/Swiggy/app/controllers/owners_controller.rb": {
        "lines": [
          1,
          1,
          2,
          2,
          1,
          null,
          1,
          null,
          null,
          1,
          null,
          null,
          1,
          1,
          null,
          null,
          1,
          1,
          1,
          1,
          1,
          null,
          null
        ]
      },
      "/home/hp/dev/Swiggy/app/controllers/restaurants_controller.rb": {
        "lines": [
          1,
          1,
          1,
          null,
          1,
          3,
          2,
          null,
          1,
          null,
          null,
          2,
          2,
          2,
          null,
          1,
          null,
          null,
          1,
          3,
          2,
          1,
          null,
          1,
          null,
          null,
          null,
          1,
          null,
          null,
          1,
          1,
          null,
          null,
          1,
          2,
          1,
          null,
          1,
          null,
          null,
          null,
          1,
          1,
          1,
          null,
          0,
          null,
          null,
          1,
          5,
          5,
          null,
          null,
          1,
          3,
          3,
          null,
          1,
          null,
          null,
          null,
          1,
          1,
          1,
          null,
          null,
          1,
          null,
          1,
          5,
          null,
          null
        ]
      },
      "/home/hp/dev/Swiggy/app/serializers/restaurant_serializer.rb": {
        "lines": [
          null,
          null,
          null,
          null,
          null,
          null,
          null,
          null,
          null,
          null,
          null,
          null,
          null,
          null,
          null,
          null,
          null,
          null,
          null,
          null,
          1,
          1,
          null
        ]
      },
      "/home/hp/dev/Swiggy/app/serializers/dish_serializer.rb": {
        "lines": [
          null,
          null,
          null,
          null,
          null,
          null,
          null,
          null,
          null,
          null,
          null,
          null,
          null,
          null,
          null,
          null,
          null,
          null,
          1,
          1,
          1,
          1,
          1,
          0,
          null,
          null,
          null
        ]
      },
      "/home/hp/dev/Swiggy/app/serializers/category_serializer.rb": {
        "lines": [
          null,
          null,
          null,
          null,
          null,
          null,
          null,
          null,
          null,
          1,
          1,
          null
        ]
      }
    },
    "timestamp": 1697107969
  }
}
